<?xml version="1.0" encoding="UTF-8"?>
<testsuite xmlns:xsi="http://www.w3.org/2001/XMLSchema-instance" xsi:noNamespaceSchemaLocation="https://maven.apache.org/surefire/maven-surefire-plugin/xsd/surefire-test-report.xsd" name="com.example.serrayaccountapi.SerrayAccountApiApplicationTests" time="0.177" tests="1" errors="1" skipped="0" failures="0">
  <properties>
[...]
</properties>
  <testcase name="com.example.serrayaccountapi.SerrayAccountApiApplicationTests" classname="com.example.serrayaccountapi.SerrayAccountApiApplicationTests" time="0.177">
    <error message="Unable to find a @SpringBootConfiguration, you need to use @ContextConfiguration or @SpringBootTest(classes=...) with your test" type="java.lang.IllegalStateException">java.lang.IllegalStateException: Unable to find a @SpringBootConfiguration, you need to use @ContextConfiguration or @SpringBootTest(classes=...) with your test
</error>
    <system-out><![CDATA[22:44:38.540 [main] DEBUG org.springframework.test.context.BootstrapUtils - Instantiating CacheAwareContextLoaderDelegate from class [org.springframework.test.context.cache.DefaultCacheAwareContextLoaderDelegate]
22:44:38.540 [main] DEBUG org.springframework.test.context.BootstrapUtils - Instantiating BootstrapContext using constructor [public org.springframework.test.context.support.DefaultBootstrapContext(java.lang.Class,org.springframework.test.context.CacheAwareContextLoaderDelegate)]
22:44:38.572 [main] DEBUG org.springframework.test.context.BootstrapUtils - Instantiating TestContextBootstrapper for test class [com.example.serrayaccountapi.SerrayAccountApiApplicationTests] from class [org.springframework.boot.test.context.SpringBootTestContextBootstrapper]
22:44:38.572 [main] INFO org.springframework.boot.test.context.SpringBootTestContextBootstrapper - Neither @ContextConfiguration nor @ContextHierarchy found for test class [com.example.serrayaccountapi.SerrayAccountApiApplicationTests], using SpringBootContextLoader
22:44:38.587 [main] DEBUG org.springframework.test.context.support.AbstractContextLoader - Did not detect default resource location for test class [com.example.serrayaccountapi.SerrayAccountApiApplicationTests]: class path resource [com/example/serrayaccountapi/SerrayAccountApiApplicationTests-context.xml] does not exist
22:44:38.587 [main] DEBUG org.springframework.test.context.support.AbstractContextLoader - Did not detect default resource location for test class [com.example.serrayaccountapi.SerrayAccountApiApplicationTests]: class path resource [com/example/serrayaccountapi/SerrayAccountApiApplicationTestsContext.groovy] does not exist
22:44:38.587 [main] INFO org.springframework.test.context.support.AbstractContextLoader - Could not detect default resource locations for test class [com.example.serrayaccountapi.SerrayAccountApiApplicationTests]: no resource found for suffixes {-context.xml, Context.groovy}.
22:44:38.587 [main] INFO org.springframework.test.context.support.AnnotationConfigContextLoaderUtils - Could not detect default configuration classes for test class [com.example.serrayaccountapi.SerrayAccountApiApplicationTests]: SerrayAccountApiApplicationTests does not declare any static, non-private, non-final, nested classes annotated with @Configuration.
22:44:38.621 [main] DEBUG org.springframework.test.context.support.ActiveProfilesUtils - Could not find an 'annotation declaring class' for annotation type [org.springframework.test.context.ActiveProfiles] and class [com.example.serrayaccountapi.SerrayAccountApiApplicationTests]
]]></system-out>
  </testcase>
</testsuite>