<?xml version="1.0" encoding="UTF-8"?>
<testsuite xmlns:xsi="http://www.w3.org/2001/XMLSchema-instance" xsi:noNamespaceSchemaLocation="https://maven.apache.org/surefire/maven-surefire-plugin/xsd/surefire-test-report.xsd" name="com.nhnacademy.serrayclient.SerrayClientApplicationTests" time="6.471" tests="1" errors="1" skipped="0" failures="0">
  <properties>
[...]
</properties>
  <testcase name="contextLoads" classname="com.nhnacademy.serrayclient.SerrayClientApplicationTests" time="2.989">
    <error type="java.lang.StackOverflowError">java.lang.StackOverflowError
</error>
    <system-out><![CDATA[22:44:34.280 [main] DEBUG org.springframework.test.context.BootstrapUtils - Instantiating CacheAwareContextLoaderDelegate from class [org.springframework.test.context.cache.DefaultCacheAwareContextLoaderDelegate]
22:44:34.296 [main] DEBUG org.springframework.test.context.BootstrapUtils - Instantiating BootstrapContext using constructor [public org.springframework.test.context.support.DefaultBootstrapContext(java.lang.Class,org.springframework.test.context.CacheAwareContextLoaderDelegate)]
22:44:34.327 [main] DEBUG org.springframework.test.context.BootstrapUtils - Instantiating TestContextBootstrapper for test class [com.nhnacademy.serrayclient.SerrayClientApplicationTests] from class [org.springframework.boot.test.context.SpringBootTestContextBootstrapper]
22:44:34.327 [main] INFO org.springframework.boot.test.context.SpringBootTestContextBootstrapper - Neither @ContextConfiguration nor @ContextHierarchy found for test class [com.nhnacademy.serrayclient.SerrayClientApplicationTests], using SpringBootContextLoader
22:44:34.327 [main] DEBUG org.springframework.test.context.support.AbstractContextLoader - Did not detect default resource location for test class [com.nhnacademy.serrayclient.SerrayClientApplicationTests]: class path resource [com/nhnacademy/serrayclient/SerrayClientApplicationTests-context.xml] does not exist
22:44:34.343 [main] DEBUG org.springframework.test.context.support.AbstractContextLoader - Did not detect default resource location for test class [com.nhnacademy.serrayclient.SerrayClientApplicationTests]: class path resource [com/nhnacademy/serrayclient/SerrayClientApplicationTestsContext.groovy] does not exist
22:44:34.343 [main] INFO org.springframework.test.context.support.AbstractContextLoader - Could not detect default resource locations for test class [com.nhnacademy.serrayclient.SerrayClientApplicationTests]: no resource found for suffixes {-context.xml, Context.groovy}.
22:44:34.343 [main] INFO org.springframework.test.context.support.AnnotationConfigContextLoaderUtils - Could not detect default configuration classes for test class [com.nhnacademy.serrayclient.SerrayClientApplicationTests]: SerrayClientApplicationTests does not declare any static, non-private, non-final, nested classes annotated with @Configuration.
22:44:34.374 [main] DEBUG org.springframework.test.context.support.ActiveProfilesUtils - Could not find an 'annotation declaring class' for annotation type [org.springframework.test.context.ActiveProfiles] and class [com.nhnacademy.serrayclient.SerrayClientApplicationTests]
22:44:34.424 [main] DEBUG org.springframework.context.annotation.ClassPathScanningCandidateComponentProvider - Identified candidate component class: file [E:\fork\Serray\SerrayClient\target\classes\com\nhnacademy\serrayclient\SerrayClientApplication.class]
22:44:34.424 [main] INFO org.springframework.boot.test.context.SpringBootTestContextBootstrapper - Found @SpringBootConfiguration com.nhnacademy.serrayclient.SerrayClientApplication for test class com.nhnacademy.serrayclient.SerrayClientApplicationTests
22:44:34.518 [main] DEBUG org.springframework.boot.test.context.SpringBootTestContextBootstrapper - @TestExecutionListeners is not present for class [com.nhnacademy.serrayclient.SerrayClientApplicationTests]: using defaults.
22:44:34.518 [main] INFO org.springframework.boot.test.context.SpringBootTestContextBootstrapper - Loaded default TestExecutionListener class names from location [META-INF/spring.factories]: [org.springframework.boot.test.mock.mockito.MockitoTestExecutionListener, org.springframework.boot.test.mock.mockito.ResetMocksTestExecutionListener, org.springframework.boot.test.autoconfigure.restdocs.RestDocsTestExecutionListener, org.springframework.boot.test.autoconfigure.web.client.MockRestServiceServerResetTestExecutionListener, org.springframework.boot.test.autoconfigure.web.servlet.MockMvcPrintOnlyOnFailureTestExecutionListener, org.springframework.boot.test.autoconfigure.web.servlet.WebDriverTestExecutionListener, org.springframework.boot.test.autoconfigure.webservices.client.MockWebServiceServerTestExecutionListener, org.springframework.test.context.web.ServletTestExecutionListener, org.springframework.test.context.support.DirtiesContextBeforeModesTestExecutionListener, org.springframework.test.context.event.ApplicationEventsTestExecutionListener, org.springframework.test.context.support.DependencyInjectionTestExecutionListener, org.springframework.test.context.support.DirtiesContextTestExecutionListener, org.springframework.test.context.transaction.TransactionalTestExecutionListener, org.springframework.test.context.jdbc.SqlScriptsTestExecutionListener, org.springframework.test.context.event.EventPublishingTestExecutionListener, org.springframework.security.test.context.support.WithSecurityContextTestExecutionListener, org.springframework.security.test.context.support.ReactorContextTestExecutionListener]
22:44:34.534 [main] INFO org.springframework.boot.test.context.SpringBootTestContextBootstrapper - Using TestExecutionListeners: [org.springframework.test.context.web.ServletTestExecutionListener@1021f6c9, org.springframework.test.context.support.DirtiesContextBeforeModesTestExecutionListener@7516e4e5, org.springframework.test.context.event.ApplicationEventsTestExecutionListener@488eb7f2, org.springframework.boot.test.mock.mockito.MockitoTestExecutionListener@5e81e5ac, org.springframework.boot.test.autoconfigure.SpringBootDependencyInjectionTestExecutionListener@4189d70b, org.springframework.test.context.support.DirtiesContextTestExecutionListener@3fa2213, org.springframework.test.context.transaction.TransactionalTestExecutionListener@3e7634b9, org.springframework.test.context.jdbc.SqlScriptsTestExecutionListener@6f0b0a5e, org.springframework.test.context.event.EventPublishingTestExecutionListener@6035b93b, org.springframework.security.test.context.support.WithSecurityContextTestExecutionListener@320de594, org.springframework.security.test.context.support.ReactorContextTestExecutionListener@3dd1dc90, org.springframework.boot.test.mock.mockito.ResetMocksTestExecutionListener@abf688e, org.springframework.boot.test.autoconfigure.restdocs.RestDocsTestExecutionListener@478ee483, org.springframework.boot.test.autoconfigure.web.client.MockRestServiceServerResetTestExecutionListener@1a7288a3, org.springframework.boot.test.autoconfigure.web.servlet.MockMvcPrintOnlyOnFailureTestExecutionListener@2974f221, org.springframework.boot.test.autoconfigure.web.servlet.WebDriverTestExecutionListener@58fe0499, org.springframework.boot.test.autoconfigure.webservices.client.MockWebServiceServerTestExecutionListener@686449f9]
22:44:34.534 [main] DEBUG org.springframework.test.context.support.AbstractDirtiesContextTestExecutionListener - Before test class: context [DefaultTestContext@29df4d43 testClass = SerrayClientApplicationTests, testInstance = [null], testMethod = [null], testException = [null], mergedContextConfiguration = [WebMergedContextConfiguration@5dd91bca testClass = SerrayClientApplicationTests, locations = '{}', classes = '{class com.nhnacademy.serrayclient.SerrayClientApplication}', contextInitializerClasses = '[]', activeProfiles = '{}', propertySourceLocations = '{}', propertySourceProperties = '{org.springframework.boot.test.context.SpringBootTestContextBootstrapper=true}', contextCustomizers = set[org.springframework.boot.test.context.filter.ExcludeFilterContextCustomizer@55c53a33, org.springframework.boot.test.json.DuplicateJsonObjectContextCustomizerFactory$DuplicateJsonObjectContextCustomizer@4a3631f8, org.springframework.boot.test.mock.mockito.MockitoContextCustomizer@0, org.springframework.boot.test.web.client.TestRestTemplateContextCustomizer@59d4cd39, org.springframework.boot.test.autoconfigure.actuate.metrics.MetricsExportContextCustomizerFactory$DisableMetricExportContextCustomizer@6d7fc27, org.springframework.boot.test.autoconfigure.properties.PropertyMappingContextCustomizer@0, org.springframework.boot.test.autoconfigure.web.servlet.WebDriverContextCustomizerFactory$Customizer@5c669da8, org.springframework.boot.test.context.SpringBootTestArgs@1, org.springframework.boot.test.context.SpringBootTestWebEnvironment@6c80d78a], resourceBasePath = 'src/main/webapp', contextLoader = 'org.springframework.boot.test.context.SpringBootContextLoader', parent = [null]], attributes = map['org.springframework.test.context.web.ServletTestExecutionListener.activateListener' -> true]], class annotated with @DirtiesContext [false] with mode [null].

  .   ____          _            __ _ _
 /\\ / ___'_ __ _ _(_)_ __  __ _ \ \ \ \
( ( )\___ | '_ | '_| | '_ \/ _` | \ \ \ \
 \\/  ___)| |_)| | | | | || (_| |  ) ) ) )
  '  |____| .__|_| |_|_| |_\__, | / / / /
 =========|_|==============|___/=/_/_/_/
 :: Spring Boot ::                (v2.7.0)

2022-06-09 22:44:34.834  INFO 15596 --- [           main] c.n.s.SerrayClientApplicationTests       : Starting SerrayClientApplicationTests using Java 11.0.15 on sewan with PID 15596 (started by psw48 in E:\fork\Serray\SerrayClient)
2022-06-09 22:44:34.834  INFO 15596 --- [           main] c.n.s.SerrayClientApplicationTests       : No active profile set, falling back to 1 default profile: "default"
2022-06-09 22:44:35.306  INFO 15596 --- [           main] .s.d.r.c.RepositoryConfigurationDelegate : Multiple Spring Data modules found, entering strict repository configuration mode!
2022-06-09 22:44:35.306  INFO 15596 --- [           main] .s.d.r.c.RepositoryConfigurationDelegate : Bootstrapping Spring Data Redis repositories in DEFAULT mode.
2022-06-09 22:44:35.325  INFO 15596 --- [           main] .s.d.r.c.RepositoryConfigurationDelegate : Finished Spring Data repository scanning in 5 ms. Found 0 Redis repository interfaces.
2022-06-09 22:44:35.465  INFO 15596 --- [           main] .s.d.r.c.RepositoryConfigurationDelegate : Multiple Spring Data modules found, entering strict repository configuration mode!
2022-06-09 22:44:35.465  INFO 15596 --- [           main] .s.d.r.c.RepositoryConfigurationDelegate : Bootstrapping Spring Data Redis repositories in DEFAULT mode.
2022-06-09 22:44:35.481  INFO 15596 --- [           main] .s.d.r.c.RepositoryConfigurationDelegate : Finished Spring Data repository scanning in 2 ms. Found 0 Redis repository interfaces.
2022-06-09 22:44:36.736  INFO 15596 --- [           main] o.s.b.a.w.s.WelcomePageHandlerMapping    : Adding welcome page template: index
2022-06-09 22:44:37.121  INFO 15596 --- [           main] o.s.s.web.DefaultSecurityFilterChain     : Will secure any request with [org.springframework.security.web.session.DisableEncodeUrlFilter@1a0f349, org.springframework.security.web.context.request.async.WebAsyncManagerIntegrationFilter@3c60c681, org.springframework.security.web.context.SecurityContextPersistenceFilter@6d294ddc, org.springframework.security.web.header.HeaderWriterFilter@30abf79c, org.springframework.web.filter.CorsFilter@1b3a9ef4, org.springframework.security.web.authentication.logout.LogoutFilter@6b70d1fb, org.springframework.security.web.savedrequest.RequestCacheAwareFilter@599f1b7, org.springframework.security.web.servletapi.SecurityContextHolderAwareRequestFilter@22791b75, org.springframework.security.web.authentication.AnonymousAuthenticationFilter@7a1371, org.springframework.security.web.session.SessionManagementFilter@2c9306d3, org.springframework.security.web.access.ExceptionTranslationFilter@675b18ff, org.springframework.security.web.access.intercept.FilterSecurityInterceptor@59a09be]
2022-06-09 22:44:37.121  WARN 15596 --- [           main] o.s.s.c.a.web.builders.WebSecurity       : 

********************************************************************
**********        Security debugging is enabled.       *************
**********    This may include sensitive information.  *************
**********      Do not use in a production system!     *************
********************************************************************


2022-06-09 22:44:37.250  INFO 15596 --- [           main] org.eclipse.jetty.util.log               : Logging initialized @3604ms to org.eclipse.jetty.util.log.Slf4jLog
2022-06-09 22:44:37.684  INFO 15596 --- [           main] c.n.s.SerrayClientApplicationTests       : Started SerrayClientApplicationTests in 3.112 seconds (JVM running for 4.036)
]]></system-out>
  </testcase>
</testsuite>